<?xml version="1.0" encoding="UTF-8"?>
<!-- Generated by org.testng.reporters.JUnitReportReporter -->
<testsuite hostname="INBANWLQ2S173" failures="0" tests="7" name="testcases.testcase_001" time="49.762" errors="0" timestamp="2021-03-02T20:33:03 IST" skipped="0">
  <testcase classname="testcases.testcase_001" name="clickonRegisterForEmail" time="5.780"/>
  <system-out/>
  <testcase classname="testcases.testcase_001" name="registrationProces" time="10.209"/>
  <system-out/>
  <testcase classname="testcases.testcase_001" name="validateHomePageforName" time="0.336"/>
  <system-out/>
  <testcase classname="testcases.testcase_001" name="navigateToHomePage" time="2.911"/>
  <system-out/>
  <testcase classname="testcases.testcase_001" name="addProducttoCart" time="7.085"/>
  <system-out/>
  <testcase classname="testcases.testcase_001" name="processingOrder" time="23.319"/>
  <system-out/>
  <testcase classname="testcases.testcase_001" name="validatingProductDetailsOnPaymentPage" time="0.122"/>
  <system-out/>
</testsuite> <!-- testcases.testcase_001 -->
